/*C1*/SET SCHEMA SYSTEM_LOBS
INSERT INTO BLOCKS VALUES(0,2147483647,0)
COMMIT
/*C2*/SET SCHEMA PUBLIC
CREATE TABLE departamentos (\u000a dept_no  int NOT NULL PRIMARY KEY,\u000a dnombre  VARCHAR(15), \u000a loc      VARCHAR(15)\u000a) 
INSERT INTO DEPARTAMENTOS VALUES(10,'CONTABILIDAD','SEVILLA')
COMMIT
INSERT INTO DEPARTAMENTOS VALUES(20,'INVESTIGACI N','MADRID')
COMMIT
INSERT INTO DEPARTAMENTOS VALUES(30,'VENTAS','BARCELONA')
COMMIT
INSERT INTO DEPARTAMENTOS VALUES(40,'PRODUCCI N','BILBAO')
COMMIT
CREATE TABLE empleados (\u000a emp_no    INT  NOT NULL PRIMARY KEY,\u000a apellido  VARCHAR(10), \u000a oficio    VARCHAR(10),\u000a dir       INT,\u000a fecha_alt DATE ,\u000a salario   FLOAT,\u000a comision  FLOAT,\u000a dept_no   INT NOT NULL REFERENCES departamentos(dept_no)\u000a)
INSERT INTO EMPLEADOS VALUES(7369,'S NCHEZ','EMPLEADO',7902,'1990-12-17',1040.0E0,NULL,20)
COMMIT
INSERT INTO EMPLEADOS VALUES(7499,'ARROYO','VENDEDOR',7698,'1990-02-20',1500.0E0,390.0E0,30)
COMMIT
INSERT INTO EMPLEADOS VALUES(7521,'SALA','VENDEDOR',7698,'1991-02-22',1625.0E0,650.0E0,30)
COMMIT
INSERT INTO EMPLEADOS VALUES(7566,'JIM NEZ','DIRECTOR',7839,'1991-04-02',2900.0E0,NULL,20)
COMMIT
INSERT INTO EMPLEADOS VALUES(7654,'MART N','VENDEDOR',7698,'1991-09-29',2900.0E0,1020.0E0,30)
COMMIT
INSERT INTO EMPLEADOS VALUES(7698,'NEGRO','DIRECTOR',7839,'1991-05-01',3005.0E0,NULL,30)
COMMIT
INSERT INTO EMPLEADOS VALUES(7782,'CEREZO','DIRECTOR',7839,'1991-06-09',2885.0E0,NULL,10)
COMMIT
INSERT INTO EMPLEADOS VALUES(7788,'GIL','ANALISTA',7566,'1991-11-09',3000.0E0,NULL,20)
COMMIT
INSERT INTO EMPLEADOS VALUES(7839,'REY','PRESIDENTE',NULL,'1991-11-17',4100.0E0,NULL,10)
COMMIT
INSERT INTO EMPLEADOS VALUES(7844,'TOVAR','VENDEDOR',7698,'1991-09-08',1350.0E0,0.0E0,30)
COMMIT
INSERT INTO EMPLEADOS VALUES(7876,'ALONSO','EMPLEADO',7788,'1991-09-23',1430.0E0,NULL,20)
COMMIT
INSERT INTO EMPLEADOS VALUES(7900,'JIMENO','EMPLEADO',7698,'1991-12-03',1335.0E0,NULL,30)
COMMIT
INSERT INTO EMPLEADOS VALUES(7902,'FERN NDEZ','ANALISTA',7566,'1991-12-03',3000.0E0,NULL,20)
COMMIT
INSERT INTO EMPLEADOS VALUES(7934,'MU OZ','EMPLEADO',7782,'1992-01-23',1690.0E0,NULL,10)
COMMIT
DISCONNECT
